<?xml version="1.0" encoding="UTF-8"?>
<testng-results total="1" passed="1" failed="0" skipped="0">
  <reporter-output>
  </reporter-output>
  <suite started-at="2024-07-21T09:50:55Z" name="Default suite" finished-at="2024-07-21T09:51:52Z" duration-ms="56410">
    <groups>
    </groups>
    <test started-at="2024-07-21T09:50:55Z" name="Default test" finished-at="2024-07-21T09:51:52Z" duration-ms="56410">
      <class name="testFeaturesOfHudl">
        <test-method is-config="true" signature="setUp()[pri:0, instance:testFeaturesOfHudl@10cf09e8]" started-at="2024-07-21T15:20:55Z" name="setUp" description="Setting up the environment for execution" finished-at="2024-07-21T15:21:05Z" duration-ms="9410" status="PASS">
          <reporter-output>
          </reporter-output>
        </test-method> <!-- setUp -->
        <test-method signature="testLoginAndSearchFeature()[pri:0, instance:testFeaturesOfHudl@10cf09e8]" started-at="2024-07-21T15:21:05Z" name="testLoginAndSearchFeature" description="Checking Search functionality post login" finished-at="2024-07-21T15:21:52Z" duration-ms="46978" status="PASS">
          <reporter-output>
          </reporter-output>
        </test-method> <!-- testLoginAndSearchFeature -->
      </class> <!-- testFeaturesOfHudl -->
    </test> <!-- Default test -->
  </suite> <!-- Default suite -->
</testng-results>
